********************************************************************************
product = Open Liberty 19.0.0.2 (wlp-1.0.25.cl190220190222-1311)
wlp.install.dir = /Users/justine.chenibm.com/Documents/shopify/shop-rest-api/target/liberty/wlp/
java.home = /Library/Java/JavaVirtualMachines/jdk1.8.0_201.jdk/Contents/Home/jre
java.version = 1.8.0_201
java.runtime = Java(TM) SE Runtime Environment (1.8.0_201-b09)
os = Mac OS X (10.13.6; x86_64) (en_US)
process = 292@justines-mbp.war.can.ibm.com
********************************************************************************
[3/22/19 16:51:26:695 EDT] 00000001 com.ibm.ws.kernel.launch.internal.FrameworkManager           A CWWKE0001I: The server defaultServer has been launched.
[3/22/19 16:51:27:687 EDT] 00000001 com.ibm.ws.kernel.launch.internal.FrameworkManager           I CWWKE0002I: The kernel started after 1.196 seconds
[3/22/19 16:51:27:727 EDT] 0000001b com.ibm.ws.kernel.feature.internal.FeatureManager            I CWWKF0007I: Feature update started.
[3/22/19 16:51:28:401 EDT] 00000013 com.ibm.ws.app.manager.internal.monitor.DropinMonitor        A CWWKZ0058I: Monitoring dropins for applications.
[3/22/19 16:51:28:412 EDT] 0000001f com.ibm.ws.tcpchannel.internal.TCPChannel                    I CWWKO0219I: TCP Channel defaultHttpEndpoint has been started and is now listening for requests on host *  (IPv6) port 9080.
[3/22/19 16:51:28:709 EDT] 00000025 com.ibm.ws.app.manager.AppMessageHelper                      I CWWKZ0018I: Starting application shopify.
[3/22/19 16:51:28:786 EDT] 00000025 m.ibm.ws.container.service.app.deploy.ManifestClassPathUtils W SRVE9967W: The manifest class path jaxb-api.jar can not be found in jar file file:/Users/justine.chenibm.com/.m2/repository/com/sun/xml/bind/jaxb-core/2.3.0.1/jaxb-core-2.3.0.1.jar or its parent.
[3/22/19 16:51:28:795 EDT] 00000025 m.ibm.ws.container.service.app.deploy.ManifestClassPathUtils W SRVE9967W: The manifest class path jaxb-runtime-2.3.2.jar can not be found in jar file file:/Users/justine.chenibm.com/.m2/repository/com/sun/xml/bind/jaxb-impl/2.3.2/jaxb-impl-2.3.2.jar or its parent.
[3/22/19 16:51:28:795 EDT] 00000025 m.ibm.ws.container.service.app.deploy.ManifestClassPathUtils W SRVE9967W: The manifest class path txw2-2.3.2.jar can not be found in jar file file:/Users/justine.chenibm.com/.m2/repository/com/sun/xml/bind/jaxb-impl/2.3.2/jaxb-impl-2.3.2.jar or its parent.
[3/22/19 16:51:28:796 EDT] 00000025 m.ibm.ws.container.service.app.deploy.ManifestClassPathUtils W SRVE9967W: The manifest class path istack-commons-runtime-3.0.8.jar can not be found in jar file file:/Users/justine.chenibm.com/.m2/repository/com/sun/xml/bind/jaxb-impl/2.3.2/jaxb-impl-2.3.2.jar or its parent.
[3/22/19 16:51:28:796 EDT] 00000025 m.ibm.ws.container.service.app.deploy.ManifestClassPathUtils W SRVE9967W: The manifest class path stax-ex-1.8.1.jar can not be found in jar file file:/Users/justine.chenibm.com/.m2/repository/com/sun/xml/bind/jaxb-impl/2.3.2/jaxb-impl-2.3.2.jar or its parent.
[3/22/19 16:51:28:796 EDT] 00000025 m.ibm.ws.container.service.app.deploy.ManifestClassPathUtils W SRVE9967W: The manifest class path FastInfoset-1.2.16.jar can not be found in jar file file:/Users/justine.chenibm.com/.m2/repository/com/sun/xml/bind/jaxb-impl/2.3.2/jaxb-impl-2.3.2.jar or its parent.
[3/22/19 16:51:28:797 EDT] 00000025 m.ibm.ws.container.service.app.deploy.ManifestClassPathUtils W SRVE9967W: The manifest class path jakarta.activation-api-1.2.1.jar can not be found in jar file file:/Users/justine.chenibm.com/.m2/repository/com/sun/xml/bind/jaxb-impl/2.3.2/jaxb-impl-2.3.2.jar or its parent.
[3/22/19 16:51:28:954 EDT] 00000025 m.ibm.ws.container.service.app.deploy.ManifestClassPathUtils W SRVE9967W: The manifest class path jaxb-api.jar can not be found in jar file file:/Users/justine.chenibm.com/.m2/repository/com/sun/xml/bind/jaxb-core/2.3.0.1/jaxb-core-2.3.0.1.jar or its parent.
[3/22/19 16:51:28:956 EDT] 00000025 m.ibm.ws.container.service.app.deploy.ManifestClassPathUtils W SRVE9967W: The manifest class path jaxb-runtime-2.3.2.jar can not be found in jar file file:/Users/justine.chenibm.com/.m2/repository/com/sun/xml/bind/jaxb-impl/2.3.2/jaxb-impl-2.3.2.jar or its parent.
[3/22/19 16:51:28:957 EDT] 00000025 m.ibm.ws.container.service.app.deploy.ManifestClassPathUtils W SRVE9967W: The manifest class path txw2-2.3.2.jar can not be found in jar file file:/Users/justine.chenibm.com/.m2/repository/com/sun/xml/bind/jaxb-impl/2.3.2/jaxb-impl-2.3.2.jar or its parent.
[3/22/19 16:51:28:957 EDT] 00000025 m.ibm.ws.container.service.app.deploy.ManifestClassPathUtils W SRVE9967W: The manifest class path istack-commons-runtime-3.0.8.jar can not be found in jar file file:/Users/justine.chenibm.com/.m2/repository/com/sun/xml/bind/jaxb-impl/2.3.2/jaxb-impl-2.3.2.jar or its parent.
[3/22/19 16:51:28:958 EDT] 00000025 m.ibm.ws.container.service.app.deploy.ManifestClassPathUtils W SRVE9967W: The manifest class path stax-ex-1.8.1.jar can not be found in jar file file:/Users/justine.chenibm.com/.m2/repository/com/sun/xml/bind/jaxb-impl/2.3.2/jaxb-impl-2.3.2.jar or its parent.
[3/22/19 16:51:28:958 EDT] 00000025 m.ibm.ws.container.service.app.deploy.ManifestClassPathUtils W SRVE9967W: The manifest class path FastInfoset-1.2.16.jar can not be found in jar file file:/Users/justine.chenibm.com/.m2/repository/com/sun/xml/bind/jaxb-impl/2.3.2/jaxb-impl-2.3.2.jar or its parent.
[3/22/19 16:51:28:959 EDT] 00000025 m.ibm.ws.container.service.app.deploy.ManifestClassPathUtils W SRVE9967W: The manifest class path jakarta.activation-api-1.2.1.jar can not be found in jar file file:/Users/justine.chenibm.com/.m2/repository/com/sun/xml/bind/jaxb-impl/2.3.2/jaxb-impl-2.3.2.jar or its parent.
[3/22/19 16:51:29:317 EDT] 00000025 com.ibm.ws.session.WASSessionCore                            I SESN8501I: The session manager did not find a persistent storage location; HttpSession objects will be stored in the local application server's memory.
[3/22/19 16:51:29:327 EDT] 00000025 com.ibm.ws.webcontainer.osgi.webapp.WebGroup                 I SRVE0169I: Loading Web Module: Liberty Project.
[3/22/19 16:51:29:329 EDT] 00000025 com.ibm.ws.webcontainer                                      I SRVE0250I: Web Module Liberty Project has been bound to default_host.
[3/22/19 16:51:29:331 EDT] 00000025 com.ibm.ws.http.internal.VirtualHostImpl                     A CWWKT0016I: Web application available (default_host): http://192.168.99.1:9080/LibertyProject/
[3/22/19 16:51:29:334 EDT] 00000025 com.ibm.ws.app.manager.AppMessageHelper                      A CWWKZ0001I: Application shopify started in 0.625 seconds.
[3/22/19 16:51:29:347 EDT] 0000001b com.ibm.ws.kernel.feature.internal.FeatureManager            A CWWKF0012I: The server installed the following features: [jsonb-1.0, servlet-4.0, jsonp-1.1, jaxrsClient-2.1, jaxrs-2.1].
[3/22/19 16:51:29:348 EDT] 0000001b com.ibm.ws.kernel.feature.internal.FeatureManager            I CWWKF0008I: Feature update completed in 1.660 seconds.
[3/22/19 16:51:29:348 EDT] 0000001b com.ibm.ws.kernel.feature.internal.FeatureManager            A CWWKF0011I: The server defaultServer is ready to run a smarter planet.
[3/22/19 16:51:29:417 EDT] 0000002e com.ibm.ws.session.WASSessionCore                            I SESN0176I: A new session context will be created for application key default_host/LibertyProject
[3/22/19 16:51:29:436 EDT] 0000002e com.ibm.ws.util                                              I SESN0172I: The session manager is using the Java default SecureRandom implementation for session ID generation.
[3/22/19 16:51:29:611 EDT] 0000002f com.ibm.ws.webcontainer.osgi.mbeans.PluginGenerator          I SRVE9103I: A configuration file for a web server plugin was automatically generated for this server at /Users/justine.chenibm.com/Documents/shopify/shop-rest-api/target/liberty/wlp/usr/servers/defaultServer/logs/state/plugin-cfg.xml.
