********************************************************************************
product = Open Liberty 19.0.0.2 (wlp-1.0.25.cl190220190222-1311)
wlp.install.dir = /Users/justine.chenibm.com/Documents/shopify/shop-rest-api/target/liberty/wlp/
java.home = /Library/Java/JavaVirtualMachines/jdk1.8.0_201.jdk/Contents/Home/jre
java.version = 1.8.0_201
java.runtime = Java(TM) SE Runtime Environment (1.8.0_201-b09)
os = Mac OS X (10.13.6; x86_64) (en_US)
process = 227@justines-mbp.war.can.ibm.com
********************************************************************************
[3/22/19 16:51:14:040 EDT] 00000001 com.ibm.ws.kernel.launch.internal.FrameworkManager           A CWWKE0001I: The server defaultServer has been launched.
[3/22/19 16:51:15:733 EDT] 00000001 com.ibm.ws.kernel.launch.internal.FrameworkManager           I CWWKE0002I: The kernel started after 1.961 seconds
[3/22/19 16:51:15:818 EDT] 0000001b com.ibm.ws.kernel.feature.internal.FeatureManager            I CWWKF0007I: Feature update started.
[3/22/19 16:51:16:901 EDT] 00000014 com.ibm.ws.app.manager.internal.monitor.DropinMonitor        A CWWKZ0058I: Monitoring dropins for applications.
[3/22/19 16:51:16:916 EDT] 00000020 com.ibm.ws.tcpchannel.internal.TCPChannel                    I CWWKO0219I: TCP Channel defaultHttpEndpoint has been started and is now listening for requests on host *  (IPv6) port 9080.
[3/22/19 16:51:17:309 EDT] 00000026 com.ibm.ws.app.manager.AppMessageHelper                      I CWWKZ0018I: Starting application shopify.
[3/22/19 16:51:17:402 EDT] 00000026 m.ibm.ws.container.service.app.deploy.ManifestClassPathUtils W SRVE9967W: The manifest class path jaxb-api.jar can not be found in jar file file:/Users/justine.chenibm.com/.m2/repository/com/sun/xml/bind/jaxb-core/2.3.0.1/jaxb-core-2.3.0.1.jar or its parent.
[3/22/19 16:51:17:416 EDT] 00000026 m.ibm.ws.container.service.app.deploy.ManifestClassPathUtils W SRVE9967W: The manifest class path jaxb-runtime-2.3.2.jar can not be found in jar file file:/Users/justine.chenibm.com/.m2/repository/com/sun/xml/bind/jaxb-impl/2.3.2/jaxb-impl-2.3.2.jar or its parent.
[3/22/19 16:51:17:416 EDT] 00000026 m.ibm.ws.container.service.app.deploy.ManifestClassPathUtils W SRVE9967W: The manifest class path txw2-2.3.2.jar can not be found in jar file file:/Users/justine.chenibm.com/.m2/repository/com/sun/xml/bind/jaxb-impl/2.3.2/jaxb-impl-2.3.2.jar or its parent.
[3/22/19 16:51:17:416 EDT] 00000026 m.ibm.ws.container.service.app.deploy.ManifestClassPathUtils W SRVE9967W: The manifest class path istack-commons-runtime-3.0.8.jar can not be found in jar file file:/Users/justine.chenibm.com/.m2/repository/com/sun/xml/bind/jaxb-impl/2.3.2/jaxb-impl-2.3.2.jar or its parent.
[3/22/19 16:51:17:417 EDT] 00000026 m.ibm.ws.container.service.app.deploy.ManifestClassPathUtils W SRVE9967W: The manifest class path stax-ex-1.8.1.jar can not be found in jar file file:/Users/justine.chenibm.com/.m2/repository/com/sun/xml/bind/jaxb-impl/2.3.2/jaxb-impl-2.3.2.jar or its parent.
[3/22/19 16:51:17:417 EDT] 00000026 m.ibm.ws.container.service.app.deploy.ManifestClassPathUtils W SRVE9967W: The manifest class path FastInfoset-1.2.16.jar can not be found in jar file file:/Users/justine.chenibm.com/.m2/repository/com/sun/xml/bind/jaxb-impl/2.3.2/jaxb-impl-2.3.2.jar or its parent.
[3/22/19 16:51:17:417 EDT] 00000026 m.ibm.ws.container.service.app.deploy.ManifestClassPathUtils W SRVE9967W: The manifest class path jakarta.activation-api-1.2.1.jar can not be found in jar file file:/Users/justine.chenibm.com/.m2/repository/com/sun/xml/bind/jaxb-impl/2.3.2/jaxb-impl-2.3.2.jar or its parent.
[3/22/19 16:51:17:558 EDT] 00000026 m.ibm.ws.container.service.app.deploy.ManifestClassPathUtils W SRVE9967W: The manifest class path jaxb-api.jar can not be found in jar file file:/Users/justine.chenibm.com/.m2/repository/com/sun/xml/bind/jaxb-core/2.3.0.1/jaxb-core-2.3.0.1.jar or its parent.
[3/22/19 16:51:17:561 EDT] 00000026 m.ibm.ws.container.service.app.deploy.ManifestClassPathUtils W SRVE9967W: The manifest class path jaxb-runtime-2.3.2.jar can not be found in jar file file:/Users/justine.chenibm.com/.m2/repository/com/sun/xml/bind/jaxb-impl/2.3.2/jaxb-impl-2.3.2.jar or its parent.
[3/22/19 16:51:17:561 EDT] 00000026 m.ibm.ws.container.service.app.deploy.ManifestClassPathUtils W SRVE9967W: The manifest class path txw2-2.3.2.jar can not be found in jar file file:/Users/justine.chenibm.com/.m2/repository/com/sun/xml/bind/jaxb-impl/2.3.2/jaxb-impl-2.3.2.jar or its parent.
[3/22/19 16:51:17:562 EDT] 00000026 m.ibm.ws.container.service.app.deploy.ManifestClassPathUtils W SRVE9967W: The manifest class path istack-commons-runtime-3.0.8.jar can not be found in jar file file:/Users/justine.chenibm.com/.m2/repository/com/sun/xml/bind/jaxb-impl/2.3.2/jaxb-impl-2.3.2.jar or its parent.
[3/22/19 16:51:17:562 EDT] 00000026 m.ibm.ws.container.service.app.deploy.ManifestClassPathUtils W SRVE9967W: The manifest class path stax-ex-1.8.1.jar can not be found in jar file file:/Users/justine.chenibm.com/.m2/repository/com/sun/xml/bind/jaxb-impl/2.3.2/jaxb-impl-2.3.2.jar or its parent.
[3/22/19 16:51:17:562 EDT] 00000026 m.ibm.ws.container.service.app.deploy.ManifestClassPathUtils W SRVE9967W: The manifest class path FastInfoset-1.2.16.jar can not be found in jar file file:/Users/justine.chenibm.com/.m2/repository/com/sun/xml/bind/jaxb-impl/2.3.2/jaxb-impl-2.3.2.jar or its parent.
[3/22/19 16:51:17:563 EDT] 00000026 m.ibm.ws.container.service.app.deploy.ManifestClassPathUtils W SRVE9967W: The manifest class path jakarta.activation-api-1.2.1.jar can not be found in jar file file:/Users/justine.chenibm.com/.m2/repository/com/sun/xml/bind/jaxb-impl/2.3.2/jaxb-impl-2.3.2.jar or its parent.
[3/22/19 16:51:17:863 EDT] 00000026 com.ibm.ws.session.WASSessionCore                            I SESN8501I: The session manager did not find a persistent storage location; HttpSession objects will be stored in the local application server's memory.
[3/22/19 16:51:17:873 EDT] 00000026 com.ibm.ws.webcontainer.osgi.webapp.WebGroup                 I SRVE0169I: Loading Web Module: Liberty Project.
[3/22/19 16:51:17:876 EDT] 00000026 com.ibm.ws.webcontainer                                      I SRVE0250I: Web Module Liberty Project has been bound to default_host.
[3/22/19 16:51:17:877 EDT] 00000026 com.ibm.ws.http.internal.VirtualHostImpl                     A CWWKT0016I: Web application available (default_host): http://192.168.99.1:9080/LibertyProject/
[3/22/19 16:51:17:881 EDT] 00000026 com.ibm.ws.app.manager.AppMessageHelper                      A CWWKZ0001I: Application shopify started in 0.572 seconds.
[3/22/19 16:51:17:940 EDT] 0000001b com.ibm.ws.kernel.feature.internal.FeatureManager            A CWWKF0012I: The server installed the following features: [jsonb-1.0, servlet-4.0, jsonp-1.1, jaxrsClient-2.1, jaxrs-2.1].
[3/22/19 16:51:17:941 EDT] 0000001b com.ibm.ws.kernel.feature.internal.FeatureManager            I CWWKF0008I: Feature update completed in 2.209 seconds.
[3/22/19 16:51:17:941 EDT] 0000001b com.ibm.ws.kernel.feature.internal.FeatureManager            A CWWKF0011I: The server defaultServer is ready to run a smarter planet.
[3/22/19 16:51:17:954 EDT] 0000002b com.ibm.ws.session.WASSessionCore                            I SESN0176I: A new session context will be created for application key default_host/LibertyProject
[3/22/19 16:51:17:993 EDT] 0000002b com.ibm.ws.util                                              I SESN0172I: The session manager is using the Java default SecureRandom implementation for session ID generation.
[3/22/19 16:51:18:328 EDT] 0000002c com.ibm.ws.webcontainer.osgi.mbeans.PluginGenerator          I SRVE9103I: A configuration file for a web server plugin was automatically generated for this server at /Users/justine.chenibm.com/Documents/shopify/shop-rest-api/target/liberty/wlp/usr/servers/defaultServer/logs/state/plugin-cfg.xml.
[3/22/19 16:51:18:606 EDT] 00000011 com.ibm.ws.kernel.launch.internal.ServerCommandListener      A CWWKE0055I: Server shutdown requested on Friday, March 22, 2019 at 4:51 PM. The server defaultServer is shutting down.
[3/22/19 16:51:18:609 EDT] 00000033 com.ibm.ws.runtime.update.internal.RuntimeUpdateManagerImpl  A CWWKE1100I: Waiting for up to 30 seconds for the server to quiesce.
[3/22/19 16:51:18:613 EDT] 00000026 com.ibm.ws.tcpchannel.internal.TCPChannel                    I CWWKO0220I: TCP Channel defaultHttpEndpoint has stopped listening for requests on host *  (IPv6) port 9080.
[3/22/19 16:51:18:614 EDT] 00000026 com.ibm.ws.http.internal.VirtualHostImpl                     A CWWKT0017I: Web application removed (default_host): http://192.168.99.1:9080/LibertyProject/
[3/22/19 16:51:19:617 EDT] 00000033 com.ibm.ws.runtime.update.internal.RuntimeUpdateManagerImpl  I CWWKE1101I: Server quiesce complete.
[3/22/19 16:51:19:644 EDT] 00000031 com.ibm.ws.app.manager.AppMessageHelper                      A CWWKZ0009I: The application shopify has stopped successfully.
[3/22/19 16:51:19:854 EDT] 00000001 com.ibm.ws.kernel.launch.internal.FrameworkManager           A CWWKE0036I: The server defaultServer stopped after 6.082 seconds.
